12:56:26 INFO  : Registering command handlers for SDK TCF services
12:56:27 INFO  : Launching XSCT server: xsct.bat -interactive D:\RCJ\RCJ14E\RCJ14E_pro_wending\rcj21E_lwip_2019\rcj21E_lwip_2019.sdk\temp_xsdb_launch_script.tcl
12:56:29 INFO  : XSCT server has started successfully.
12:56:29 INFO  : Successfully done setting XSCT server connection channel  
12:56:29 INFO  : Successfully done setting SDK workspace  
12:56:29 INFO  : Processing command line option -hwspec D:/RCJ/RCJ14E/RCJ14E_pro_wending/rcj21E_lwip_2019/rcj21E_lwip_2019.sdk/design_1_wrapper.hdf.
12:58:09 INFO  : 'targets -set -filter {jtag_cable_name =~ "Digilent JTAG-SMT2 210251A08870" && level==0} -index 1' command is executed.
12:58:09 INFO  : 'fpga -state' command is executed.
12:58:10 INFO  : Connected to target on host '127.0.0.1' and port '3121'.
12:58:11 INFO  : Jtag cable 'Digilent JTAG-SMT2 210251A08870' is selected.
12:58:11 INFO  : 'jtag frequency' command is executed.
12:58:11 INFO  : Sourcing of 'D:/RCJ/RCJ14E/RCJ14E_pro_wending/rcj21E_lwip_2019/rcj21E_lwip_2019.sdk/design_1_wrapper_hw_platform_0/ps7_init.tcl' is done.
12:58:11 INFO  : Context for 'APU' is selected.
12:58:11 INFO  : Hardware design information is loaded from 'D:/RCJ/RCJ14E/RCJ14E_pro_wending/rcj21E_lwip_2019/rcj21E_lwip_2019.sdk/design_1_wrapper_hw_platform_0/system.hdf'.
12:58:11 INFO  : 'configparams force-mem-access 1' command is executed.
12:58:11 INFO  : Context for 'APU' is selected.
12:58:11 INFO  : 'stop' command is executed.
12:58:11 INFO  : 'ps7_init' command is executed.
12:58:11 INFO  : 'ps7_post_config' command is executed.
12:58:11 INFO  : Context for processor 'ps7_cortexa9_0' is selected.
12:58:11 INFO  : Processor reset is completed for 'ps7_cortexa9_0'.
12:58:11 INFO  : Context for processor 'ps7_cortexa9_0' is selected.
12:58:11 INFO  : The application 'D:/RCJ/RCJ14E/RCJ14E_pro_wending/rcj21E_lwip_2019/rcj21E_lwip_2019.sdk/main/Debug/main.elf' is downloaded to processor 'ps7_cortexa9_0'.
12:58:11 INFO  : 'configparams force-mem-access 0' command is executed.
12:58:11 INFO  : ----------------XSDB Script----------------
connect -url tcp:127.0.0.1:3121
source D:/RCJ/RCJ14E/RCJ14E_pro_wending/rcj21E_lwip_2019/rcj21E_lwip_2019.sdk/design_1_wrapper_hw_platform_0/ps7_init.tcl
targets -set -nocase -filter {name =~"APU*" && jtag_cable_name =~ "Digilent JTAG-SMT2 210251A08870"} -index 0
loadhw -hw D:/RCJ/RCJ14E/RCJ14E_pro_wending/rcj21E_lwip_2019/rcj21E_lwip_2019.sdk/design_1_wrapper_hw_platform_0/system.hdf -mem-ranges [list {0x40000000 0xbfffffff}]
configparams force-mem-access 1
targets -set -nocase -filter {name =~"APU*" && jtag_cable_name =~ "Digilent JTAG-SMT2 210251A08870"} -index 0
stop
ps7_init
ps7_post_config
targets -set -nocase -filter {name =~ "ARM*#0" && jtag_cable_name =~ "Digilent JTAG-SMT2 210251A08870"} -index 0
rst -processor
targets -set -nocase -filter {name =~ "ARM*#0" && jtag_cable_name =~ "Digilent JTAG-SMT2 210251A08870"} -index 0
dow D:/RCJ/RCJ14E/RCJ14E_pro_wending/rcj21E_lwip_2019/rcj21E_lwip_2019.sdk/main/Debug/main.elf
configparams force-mem-access 0
----------------End of Script----------------

12:58:11 INFO  : Memory regions updated for context APU
12:58:11 INFO  : Context for processor 'ps7_cortexa9_0' is selected.
12:58:12 INFO  : 'con' command is executed.
12:58:12 INFO  : ----------------XSDB Script (After Launch)----------------
targets -set -nocase -filter {name =~ "ARM*#0" && jtag_cable_name =~ "Digilent JTAG-SMT2 210251A08870"} -index 0
con
----------------End of Script----------------

12:58:12 INFO  : Launch script is exported to file 'D:\RCJ\RCJ14E\RCJ14E_pro_wending\rcj21E_lwip_2019\rcj21E_lwip_2019.sdk\.sdk\launch_scripts\xilinx_c-c++_application_(system_debugger)\system_debugger_using_debug_main.elf_on_local.tcl'
12:58:15 INFO  : Connected to target on host '127.0.0.1' and port '3121'.
12:58:16 INFO  : 'targets -set -filter {jtag_cable_name =~ "Digilent JTAG-SMT2 210251A08870" && level==0} -index 1' command is executed.
12:58:23 INFO  : FPGA configured successfully with bitstream "D:/RCJ/RCJ14E/RCJ14E_pro_wending/rcj21E_lwip_2019/rcj21E_lwip_2019.sdk/design_1_wrapper_hw_platform_0/design_1_wrapper.bit"
13:00:10 INFO  : Disconnected from the channel tcfchan#1.
13:00:11 INFO  : 'targets -set -filter {jtag_cable_name =~ "Digilent JTAG-SMT2 210251A08870" && level==0} -index 1' command is executed.
13:00:11 INFO  : 'fpga -state' command is executed.
13:00:13 INFO  : Connected to target on host '127.0.0.1' and port '3121'.
13:00:13 INFO  : Jtag cable 'Digilent JTAG-SMT2 210251A08870' is selected.
13:00:13 INFO  : 'jtag frequency' command is executed.
13:00:13 INFO  : Sourcing of 'D:/RCJ/RCJ14E/RCJ14E_pro_wending/rcj21E_lwip_2019/rcj21E_lwip_2019.sdk/design_1_wrapper_hw_platform_0/ps7_init.tcl' is done.
13:00:13 INFO  : Context for 'APU' is selected.
13:00:14 INFO  : Hardware design information is loaded from 'D:/RCJ/RCJ14E/RCJ14E_pro_wending/rcj21E_lwip_2019/rcj21E_lwip_2019.sdk/design_1_wrapper_hw_platform_0/system.hdf'.
13:00:14 INFO  : 'configparams force-mem-access 1' command is executed.
13:00:14 INFO  : Context for 'APU' is selected.
13:00:14 INFO  : 'stop' command is executed.
13:00:14 INFO  : 'ps7_init' command is executed.
13:00:14 INFO  : 'ps7_post_config' command is executed.
13:00:14 INFO  : Context for processor 'ps7_cortexa9_0' is selected.
13:00:14 INFO  : Processor reset is completed for 'ps7_cortexa9_0'.
13:00:14 INFO  : Context for processor 'ps7_cortexa9_0' is selected.
13:00:14 INFO  : The application 'D:/RCJ/RCJ14E/RCJ14E_pro_wending/rcj21E_lwip_2019/rcj21E_lwip_2019.sdk/main/Debug/main.elf' is downloaded to processor 'ps7_cortexa9_0'.
13:00:14 INFO  : 'configparams force-mem-access 0' command is executed.
13:00:14 INFO  : ----------------XSDB Script----------------
connect -url tcp:127.0.0.1:3121
source D:/RCJ/RCJ14E/RCJ14E_pro_wending/rcj21E_lwip_2019/rcj21E_lwip_2019.sdk/design_1_wrapper_hw_platform_0/ps7_init.tcl
targets -set -nocase -filter {name =~"APU*" && jtag_cable_name =~ "Digilent JTAG-SMT2 210251A08870"} -index 0
loadhw -hw D:/RCJ/RCJ14E/RCJ14E_pro_wending/rcj21E_lwip_2019/rcj21E_lwip_2019.sdk/design_1_wrapper_hw_platform_0/system.hdf -mem-ranges [list {0x40000000 0xbfffffff}]
configparams force-mem-access 1
targets -set -nocase -filter {name =~"APU*" && jtag_cable_name =~ "Digilent JTAG-SMT2 210251A08870"} -index 0
stop
ps7_init
ps7_post_config
targets -set -nocase -filter {name =~ "ARM*#0" && jtag_cable_name =~ "Digilent JTAG-SMT2 210251A08870"} -index 0
rst -processor
targets -set -nocase -filter {name =~ "ARM*#0" && jtag_cable_name =~ "Digilent JTAG-SMT2 210251A08870"} -index 0
dow D:/RCJ/RCJ14E/RCJ14E_pro_wending/rcj21E_lwip_2019/rcj21E_lwip_2019.sdk/main/Debug/main.elf
configparams force-mem-access 0
----------------End of Script----------------

13:00:15 INFO  : Memory regions updated for context APU
13:00:15 INFO  : Context for processor 'ps7_cortexa9_0' is selected.
13:00:15 INFO  : 'con' command is executed.
13:00:15 INFO  : ----------------XSDB Script (After Launch)----------------
targets -set -nocase -filter {name =~ "ARM*#0" && jtag_cable_name =~ "Digilent JTAG-SMT2 210251A08870"} -index 0
con
----------------End of Script----------------

13:00:15 INFO  : Launch script is exported to file 'D:\RCJ\RCJ14E\RCJ14E_pro_wending\rcj21E_lwip_2019\rcj21E_lwip_2019.sdk\.sdk\launch_scripts\xilinx_c-c++_application_(system_debugger)\system_debugger_using_debug_main.elf_on_local.tcl'
13:00:21 INFO  : Connected to target on host '127.0.0.1' and port '3121'.
13:00:21 INFO  : 'targets -set -filter {jtag_cable_name =~ "Digilent JTAG-SMT2 210251A08870" && level==0} -index 1' command is executed.
13:00:28 INFO  : FPGA configured successfully with bitstream "D:/RCJ/RCJ14E/RCJ14E_pro_wending/rcj21E_lwip_2019/rcj21E_lwip_2019.sdk/design_1_wrapper_hw_platform_0/design_1_wrapper.bit"
13:03:17 INFO  : Disconnected from the channel tcfchan#2.
13:03:18 INFO  : Connected to target on host '127.0.0.1' and port '3121'.
13:03:18 INFO  : Jtag cable 'Digilent JTAG-SMT2 210251A08870' is selected.
13:03:18 INFO  : 'jtag frequency' command is executed.
13:03:18 INFO  : Sourcing of 'D:/RCJ/RCJ14E/RCJ14E_pro_wending/rcj21E_lwip_2019/rcj21E_lwip_2019.sdk/design_1_wrapper_hw_platform_0/ps7_init.tcl' is done.
13:03:18 INFO  : Context for 'APU' is selected.
13:03:18 INFO  : System reset is completed.
13:03:21 INFO  : 'after 3000' command is executed.
13:03:21 INFO  : 'targets -set -filter {jtag_cable_name =~ "Digilent JTAG-SMT2 210251A08870" && level==0} -index 1' command is executed.
13:03:29 INFO  : FPGA configured successfully with bitstream "D:/RCJ/RCJ14E/RCJ14E_pro_wending/rcj21E_lwip_2019/rcj21E_lwip_2019.sdk/design_1_wrapper_hw_platform_0/design_1_wrapper.bit"
13:03:29 INFO  : Context for 'APU' is selected.
13:03:30 INFO  : Hardware design information is loaded from 'D:/RCJ/RCJ14E/RCJ14E_pro_wending/rcj21E_lwip_2019/rcj21E_lwip_2019.sdk/design_1_wrapper_hw_platform_0/system.hdf'.
13:03:30 INFO  : 'configparams force-mem-access 1' command is executed.
13:03:30 INFO  : Context for 'APU' is selected.
13:03:30 INFO  : 'ps7_init' command is executed.
13:03:30 INFO  : 'ps7_post_config' command is executed.
13:03:30 INFO  : Context for processor 'ps7_cortexa9_0' is selected.
13:03:30 INFO  : The application 'D:/RCJ/RCJ14E/RCJ14E_pro_wending/rcj21E_lwip_2019/rcj21E_lwip_2019.sdk/main/Debug/main.elf' is downloaded to processor 'ps7_cortexa9_0'.
13:03:30 INFO  : 'configparams force-mem-access 0' command is executed.
13:03:30 INFO  : ----------------XSDB Script----------------
connect -url tcp:127.0.0.1:3121
source D:/RCJ/RCJ14E/RCJ14E_pro_wending/rcj21E_lwip_2019/rcj21E_lwip_2019.sdk/design_1_wrapper_hw_platform_0/ps7_init.tcl
targets -set -nocase -filter {name =~"APU*" && jtag_cable_name =~ "Digilent JTAG-SMT2 210251A08870"} -index 0
rst -system
after 3000
targets -set -filter {jtag_cable_name =~ "Digilent JTAG-SMT2 210251A08870" && level==0} -index 1
fpga -file D:/RCJ/RCJ14E/RCJ14E_pro_wending/rcj21E_lwip_2019/rcj21E_lwip_2019.sdk/design_1_wrapper_hw_platform_0/design_1_wrapper.bit
targets -set -nocase -filter {name =~"APU*" && jtag_cable_name =~ "Digilent JTAG-SMT2 210251A08870"} -index 0
loadhw -hw D:/RCJ/RCJ14E/RCJ14E_pro_wending/rcj21E_lwip_2019/rcj21E_lwip_2019.sdk/design_1_wrapper_hw_platform_0/system.hdf -mem-ranges [list {0x40000000 0xbfffffff}]
configparams force-mem-access 1
targets -set -nocase -filter {name =~"APU*" && jtag_cable_name =~ "Digilent JTAG-SMT2 210251A08870"} -index 0
ps7_init
ps7_post_config
targets -set -nocase -filter {name =~ "ARM*#0" && jtag_cable_name =~ "Digilent JTAG-SMT2 210251A08870"} -index 0
dow D:/RCJ/RCJ14E/RCJ14E_pro_wending/rcj21E_lwip_2019/rcj21E_lwip_2019.sdk/main/Debug/main.elf
configparams force-mem-access 0
----------------End of Script----------------

13:03:30 INFO  : Memory regions updated for context APU
13:03:30 INFO  : Context for processor 'ps7_cortexa9_0' is selected.
13:03:30 INFO  : 'con' command is executed.
13:03:30 INFO  : ----------------XSDB Script (After Launch)----------------
targets -set -nocase -filter {name =~ "ARM*#0" && jtag_cable_name =~ "Digilent JTAG-SMT2 210251A08870"} -index 0
con
----------------End of Script----------------

13:03:30 INFO  : Launch script is exported to file 'D:\RCJ\RCJ14E\RCJ14E_pro_wending\rcj21E_lwip_2019\rcj21E_lwip_2019.sdk\.sdk\launch_scripts\xilinx_c-c++_application_(system_debugger)\system_debugger_using_debug_main.elf_on_local.tcl'
13:05:34 INFO  : Disconnected from the channel tcfchan#3.
